1653008171388	geckodriver	INFO	Listening on 127.0.0.1:25399
1653008174491	mozrunner::runner	INFO	Running command: "C:\\Program Files\\Mozilla Firefox\\firefox.exe" "--marionette" "--remote-debugging-port" "25400" "--remote-allow-hosts" "localhost" "-no-remote" "-profile" "C:\\Users\\carolyn\\AppData\\Local\\Temp\\rust_mozprofileEwqttx"
1653008175684	Marionette	INFO	Marionette enabled
console.warn: SearchSettings: "get: No settings file exists, new profile?" (new NotFoundError("Could not open the file at C:\\Users\\carolyn\\AppData\\Local\\Temp\\rust_mozprofileEwqttx\\search.json.mozlz4", (void 0)))
DevTools listening on ws://localhost:25400/devtools/browser/3566fb77-20bd-4902-933c-3d0c9cf96bfe
1653008186377	Marionette	INFO	Listening on port 25440
Read port: 25440
1653008186507	RemoteAgent	WARN	TLS certificate errors will be ignored for this session
1653008213530	Marionette	INFO	Stopped listening on port 25440
console.warn: TopSitesFeed: Failed to fetch data from Contile server: NetworkError when attempting to fetch resource.
[Parent 736, IPC I/O Parent] WARNING: file /builds/worker/checkouts/gecko/ipc/chromium/src/base/process_util_win.cc:167
1653008459751	geckodriver	INFO	Listening on 127.0.0.1:25705
1653008462823	mozrunner::runner	INFO	Running command: "C:\\Program Files\\Mozilla Firefox\\firefox.exe" "--marionette" "--remote-debugging-port" "25706" "--remote-allow-hosts" "localhost" "-no-remote" "-profile" "C:\\Users\\carolyn\\AppData\\Local\\Temp\\rust_mozprofileZSAeSb"
1653008463206	Marionette	INFO	Marionette enabled
console.warn: SearchSettings: "get: No settings file exists, new profile?" (new NotFoundError("Could not open the file at C:\\Users\\carolyn\\AppData\\Local\\Temp\\rust_mozprofileZSAeSb\\search.json.mozlz4", (void 0)))
DevTools listening on ws://localhost:25706/devtools/browser/9e6ff7e5-8cb4-457f-8cbe-0514e86740f3
1653008471310	Marionette	INFO	Listening on port 25738
Read port: 25738
1653008471602	RemoteAgent	WARN	TLS certificate errors will be ignored for this session
1653010431476	Marionette	INFO	Stopped listening on port 25738
console.warn: TopSitesFeed: Failed to fetch data from Contile server: NetworkError when attempting to fetch resource.
remote-debugging-port" "28390" "--remote-allow-hosts" "localhost" "-no-remote" "-profile" "C:\\Users\\carolyn\\AppData\\Local\\Temp\\rust_mozprofileQSzQxN"
1653009564229	Marionette	INFO	Marionette enabled
console.warn: SearchSettings: "get: No settings file exists, new profile?" (new NotFoundError("Could not open the file at C:\\Users\\carolyn\\AppData\\Local\\Temp\\rust_mozprofileQSzQxN\\search.json.mozlz4", (void 0)))
DevTools listening on ws://localhost:28390/devtools/browser/173a13e2-8b66-40d6-be5e-cd729da82fb5
1653009568762	Marionette	INFO	Listening on port 28419
Read port: 28419
1653009568844	RemoteAgent	WARN	TLS certificate errors will be ignored for this session
1653009575438	Marionette	INFO	Stopped listening on port 28419

###!!! [Parent][PContentParent] Error: Send(msgname=PContent::Reply_DiscardBrowsingContext) Closed channel: cannot send/recv


###!!! [Parent][PContentParent] Error: Send(msgname=PContent::Msg_DestroyBrowsingContextGroup) Closed channel: cannot send/recv


###!!! [Child][PContentChild] Error: RunMessage(msgname=PContent::Msg_DiscardBrowsingContext) Channel closing: too late to send/recv, messages will be lost


###!!! [Child][PContentChild] Error: RunMessage(msgname=PContent::Reply_DiscardBrowsingContext) Channel closing: too late to send/recv, messages will be lost


###!!! [Child][PContentChild] Error: RunMessage(msgname=PHttpChannel::Msg_DeleteSelf) Channel closing: too late to send/recv, messages will be lost


###!!! [Parent][PGPUParent] Error: RunMessage(msgname=PGPU::Msg_ShutdownVR) Channel closing: too late to send/recv, messages will be lost

1653058454326	geckodriver	INFO	Listening on 127.0.0.1:2492
1653058457418	mozrunner::runner	INFO	Running command: "C:\\Program Files\\Mozilla Firefox\\firefox.exe" "--marionette" "--remote-debugging-port" "2493" "--remote-allow-hosts" "localhost" "-no-remote" "-profile" "C:\\Users\\carolyn\\AppData\\Local\\Temp\\rust_mozprofileRNaivH"
1653058458032	Marionette	INFO	Marionette enabled
console.warn: SearchSettings: "get: No settings file exists, new profile?" (new NotFoundError("Could not open the file at C:\\Users\\carolyn\\AppData\\Local\\Temp\\rust_mozprofileRNaivH\\search.json.mozlz4", (void 0)))
DevTools listening on ws://localhost:2493/devtools/browser/acbf2d95-bec6-4148-8617-7b90ff493b1d
1653058463868	Marionette	INFO	Listening on port 2522
Read port: 2522
1653058464775	RemoteAgent	WARN	TLS certificate errors will be ignored for this session
1653058495451	Marionette	INFO	Stopped listening on port 2522
console.warn: TopSitesFeed: Failed to fetch data from Contile server: NetworkError when attempting to fetch resource.
1653058514198	geckodriver	INFO	Listening on 127.0.0.1:2576
1653058517282	mozrunner::runner	INFO	Running command: "C:\\Program Files\\Mozilla Firefox\\firefox.exe" "--marionette" "--remote-debugging-port" "2577" "--remote-allow-hosts" "localhost" "-no-remote" "-profile" "C:\\Users\\carolyn\\AppData\\Local\\Temp\\rust_mozprofilej7iwXW"
1653058517710	Marionette	INFO	Marionette enabled
console.warn: SearchSettings: "get: No settings file exists, new profile?" (new NotFoundError("Could not open the file at C:\\Users\\carolyn\\AppData\\Local\\Temp\\rust_mozprofilej7iwXW\\search.json.mozlz4", (void 0)))
DevTools listening on ws://localhost:2577/devtools/browser/84065aec-4cce-457f-8aad-b0223cc2a1b9
1653058521715	Marionette	INFO	Listening on port 2600
Read port: 2600
1653058521767	RemoteAgent	WARN	TLS certificate errors will be ignored for this session
1653058532492	Marionette	INFO	Stopped listening on port 2600
console.warn: TopSitesFeed: Failed to fetch data from Contile server: NetworkError when attempting to fetch resource.
1653058582570	geckodriver	INFO	Listening on 127.0.0.1:2662
1653058585658	mozrunner::runner	INFO	Running command: "C:\\Program Files\\Mozilla Firefox\\firefox.exe" "--marionette" "--remote-debugging-port" "2663" "--remote-allow-hosts" "localhost" "-no-remote" "-profile" "C:\\Users\\carolyn\\AppData\\Local\\Temp\\rust_mozprofiles9Ocip"
1653058586070	Marionette	INFO	Marionette enabled
console.warn: SearchSettings: "get: No settings file exists, new profile?" (new NotFoundError("Could not open the file at C:\\Users\\carolyn\\AppData\\Local\\Temp\\rust_mozprofiles9Ocip\\search.json.mozlz4", (void 0)))
DevTools listening on ws://localhost:2663/devtools/browser/34fb9af5-664f-4fc0-a360-ddd1bb06fcba
1653058590372	Marionette	INFO	Listening on port 2686
Read port: 2686
1653058590604	RemoteAgent	WARN	TLS certificate errors will be ignored for this session
1653058607833	Marionette	INFO	Stopped listening on port 2686
console.warn: TopSitesFeed: Failed to fetch data from Contile server: NetworkError when attempting to fetch resource.
1653059986699	geckodriver	INFO	Listening on 127.0.0.1:1382
1653059989767	mozrunner::runner	INFO	Running command: "C:\\Program Files\\Mozilla Firefox\\firefox.exe" "--marionette" "--remote-debugging-port" "1383" "--remote-allow-hosts" "localhost" "-no-remote" "-profile" "C:\\Users\\carolyn\\AppData\\Local\\Temp\\rust_mozprofile8KnwAa"
1653059990477	Marionette	INFO	Marionette enabled
console.warn: SearchSettings: "get: No settings file exists, new profile?" (new NotFoundError("Could not open the file at C:\\Users\\carolyn\\AppData\\Local\\Temp\\rust_mozprofile8KnwAa\\search.json.mozlz4", (void 0)))
DevTools listening on ws://localhost:1383/devtools/browser/60e8fd3f-a755-4437-a49d-9f6e7e6b9297
1653059995190	Marionette	INFO	Listening on port 1409
Read port: 1409
1653059995566	RemoteAgent	WARN	TLS certificate errors will be ignored for this session
1653060091376	Marionette	INFO	Stopped listening on port 1409
!!! error running onStopped callback: TypeError: callback is not a function
console.warn: TopSitesFeed: Failed to fetch data from Contile server: NetworkError when attempting to fetch resource.
1653060148238	geckodriver	INFO	Listening on 127.0.0.1:1502
1653060151323	mozrunner::runner	INFO	Running command: "C:\\Program Files\\Mozilla Firefox\\firefox.exe" "--marionette" "--remote-debugging-port" "1503" "--remote-allow-hosts" "localhost" "-no-remote" "-profile" "C:\\Users\\carolyn\\AppData\\Local\\Temp\\rust_mozprofilecXably"
1653060151899	Marionette	INFO	Marionette enabled
console.warn: SearchSettings: "get: No settings file exists, new profile?" (new NotFoundError("Could not open the file at C:\\Users\\carolyn\\AppData\\Local\\Temp\\rust_mozprofilecXably\\search.json.mozlz4", (void 0)))
DevTools listening on ws://localhost:1503/devtools/browser/8cbfb09b-b599-4b8c-b17f-cd884cdffa06
1653060155855	Marionette	INFO	Listening on port 1530
Read port: 1530
1653060155917	RemoteAgent	WARN	TLS certificate errors will be ignored for this session
1653060182847	Marionette	INFO	Stopped listening on port 1530
!!! error running onStopped callback: TypeError: callback is not a function
console.warn: TopSitesFeed: Failed to fetch data from Contile server: NetworkError when attempting to fetch resource.
1653060212669	geckodriver	INFO	Listening on 127.0.0.1:2097
1653060215771	mozrunner::runner	INFO	Running command: "C:\\Program Files\\Mozilla Firefox\\firefox.exe" "--marionette" "--remote-debugging-port" "2098" "--remote-allow-hosts" "localhost" "-no-remote" "-profile" "C:\\Users\\carolyn\\AppData\\Local\\Temp\\rust_mozprofileruXqb0"
1653060216163	Marionette	INFO	Marionette enabled
console.warn: SearchSettings: "get: No settings file exists, new profile?" (new NotFoundError("Could not open the file at C:\\Users\\carolyn\\AppData\\Local\\Temp\\rust_mozprofileruXqb0\\search.json.mozlz4", (void 0)))
DevTools listening on ws://localhost:2098/devtools/browser/25ed26a5-1bad-43ad-9b34-1817d3130787
1653060220193	Marionette	INFO	Listening on port 2123
Read port: 2123
1653060220246	RemoteAgent	WARN	TLS certificate errors will be ignored for this session
1653060234906	Marionette	INFO	Stopped listening on port 2123
console.warn: TopSitesFeed: Failed to fetch data from Contile server: NetworkError when attempting to fetch resource.
1653060260375	geckodriver	INFO	Listening on 127.0.0.1:2180
1653060263464	mozrunner::runner	INFO	Running command: "C:\\Program Files\\Mozilla Firefox\\firefox.exe" "--marionette" "--remote-debugging-port" "2181" "--remote-allow-hosts" "localhost" "-no-remote" "-profile" "C:\\Users\\carolyn\\AppData\\Local\\Temp\\rust_mozprofile80Ihuo"
1653060263838	Marionette	INFO	Marionette enabled
console.warn: SearchSettings: "get: No settings file exists, new profile?" (new NotFoundError("Could not open the file at C:\\Users\\carolyn\\AppData\\Local\\Temp\\rust_mozprofile80Ihuo\\search.json.mozlz4", (void 0)))
DevTools listening on ws://localhost:2181/devtools/browser/ce16cce1-9549-4d6f-805a-918caab5a65e
1653060267503	Marionette	INFO	Listening on port 2304
Read port: 2304
1653060267698	RemoteAgent	WARN	TLS certificate errors will be ignored for this session
1653060270992	Marionette	INFO	Stopped listening on port 2304
JavaScript error: resource://gre/modules/UrlClassifierListManager.jsm, line 691: TypeError: this.tablesData[table] is undefined
JavaScript error: resource://services-settings/RemoteSettingsWorker.jsm, line 46: RemoteSettingsWorkerError: Remote Settings has shut down.
1653060321194	geckodriver	INFO	Listening on 127.0.0.1:2366
1653060324282	mozrunner::runner	INFO	Running command: "C:\\Program Files\\Mozilla Firefox\\firefox.exe" "--marionette" "--remote-debugging-port" "2367" "--remote-allow-hosts" "localhost" "-no-remote" "-profile" "C:\\Users\\carolyn\\AppData\\Local\\Temp\\rust_mozprofileFU2nKx"
1653060324681	Marionette	INFO	Marionette enabled
console.warn: SearchSettings: "get: No settings file exists, new profile?" (new NotFoundError("Could not open the file at C:\\Users\\carolyn\\AppData\\Local\\Temp\\rust_mozprofileFU2nKx\\search.json.mozlz4", (void 0)))
DevTools listening on ws://localhost:2367/devtools/browser/bbbf5147-2efc-4c6c-acba-320f3f2b6b68
1653060328961	Marionette	INFO	Listening on port 2396
Read port: 2396
1653060329062	RemoteAgent	WARN	TLS certificate errors will be ignored for this session
1653060332358	Marionette	INFO	Stopped listening on port 2396
JavaScript error: resource://gre/modules/UrlClassifierListManager.jsm, line 691: TypeError: this.tablesData[table] is undefined
JavaScript error: resource://services-settings/RemoteSettingsWorker.jsm, line 143: Error: Shutdown, aborting read-only worker requests.
console.log: "RemoteSettingsWorker error: Error: Can't import when we've started shutting down."
1653061382418	geckodriver	INFO	Listening on 127.0.0.1:2704
1653061385518	mozrunner::runner	INFO	Running command: "C:\\Program Files\\Mozilla Firefox\\firefox.exe" "--marionette" "--remote-debugging-port" "2705" "--remote-allow-hosts" "localhost" "-no-remote" "-profile" "C:\\Users\\carolyn\\AppData\\Local\\Temp\\rust_mozprofile7EMs4D"
1653061385922	Marionette	INFO	Marionette enabled
console.warn: SearchSettings: "get: No settings file exists, new profile?" (new NotFoundError("Could not open the file at C:\\Users\\carolyn\\AppData\\Local\\Temp\\rust_mozprofile7EMs4D\\search.json.mozlz4", (void 0)))
DevTools listening on ws://localhost:2705/devtools/browser/643a0912-c3e5-4089-8ef6-c58e1d466ad2
1653061390372	Marionette	INFO	Listening on port 2733
Read port: 2733
1653061390483	RemoteAgent	WARN	TLS certificate errors will be ignored for this session
1653061393772	Marionette	INFO	Stopped listening on port 2733
JavaScript error: resource://gre/modules/UrlClassifierListManager.jsm, line 691: TypeError: this.tablesData[table] is undefined
JavaScript error: resource://services-settings/RemoteSettingsWorker.jsm, line 46: RemoteSettingsWorkerError: Remote Settings has shut down.
1653061619176	geckodriver	INFO	Listening on 127.0.0.1:2825
1653061622242	mozrunner::runner	INFO	Running command: "C:\\Program Files\\Mozilla Firefox\\firefox.exe" "--marionette" "--remote-debugging-port" "2826" "--remote-allow-hosts" "localhost" "-no-remote" "-profile" "C:\\Users\\carolyn\\AppData\\Local\\Temp\\rust_mozprofilesnLQmF"
1653061622683	Marionette	INFO	Marionette enabled
console.warn: SearchSettings: "get: No settings file exists, new profile?" (new NotFoundError("Could not open the file at C:\\Users\\carolyn\\AppData\\Local\\Temp\\rust_mozprofilesnLQmF\\search.json.mozlz4", (void 0)))
DevTools listening on ws://localhost:2826/devtools/browser/ea26c407-3a7e-41f6-9174-522f5a172d85
1653061626575	Marionette	INFO	Listening on port 2849
Read port: 2849
1653061626776	RemoteAgent	WARN	TLS certificate errors will be ignored for this session
1653061630141	Marionette	INFO	Stopped listening on port 2849
JavaScript error: resource://gre/modules/UrlClassifierListManager.jsm, line 691: TypeError: this.tablesData[table] is undefined
console.log: "RemoteSettingsWorker error: Error: Can't import when we've started shutting down."
JavaScript error: resource://services-settings/RemoteSettingsWorker.jsm, line 143: Error: Shutdown, aborting read-only worker requests.
1653073171362	geckodriver	INFO	Listening on 127.0.0.1:1204
1653073174435	mozrunner::runner	INFO	Running command: "C:\\Program Files\\Mozilla Firefox\\firefox.exe" "--marionette" "--remote-debugging-port" "1205" "--remote-allow-hosts" "localhost" "-no-remote" "-profile" "C:\\Users\\carolyn\\AppData\\Local\\Temp\\rust_mozprofilekvGJOv"
1653073178000	Marionette	INFO	Marionette enabled
console.warn: SearchSettings: "get: No settings file exists, new profile?" (new NotFoundError("Could not open the file at C:\\Users\\carolyn\\AppData\\Local\\Temp\\rust_mozprofilekvGJOv\\search.json.mozlz4", (void 0)))
DevTools listening on ws://localhost:1205/devtools/browser/7239eed7-55f1-4ed9-8157-99202c3b6166
1653073192403	Marionette	INFO	Listening on port 1273
Read port: 1273
1653073192736	RemoteAgent	WARN	TLS certificate errors will be ignored for this session
1653073197101	Marionette	INFO	Stopped listening on port 1273
1653073415361	geckodriver	INFO	Listening on 127.0.0.1:1438
1653073418402	mozrunner::runner	INFO	Running command: "C:\\Program Files\\Mozilla Firefox\\firefox.exe" "--marionette" "--remote-debugging-port" "1439" "--remote-allow-hosts" "localhost" "-no-remote" "-profile" "C:\\Users\\carolyn\\AppData\\Local\\Temp\\rust_mozprofileTp7xvY"
1653073479281	geckodriver	INFO	Listening on 127.0.0.1:1559
1653073482318	mozrunner::runner	INFO	Running command: "C:\\Program Files\\Mozilla Firefox\\firefox.exe" "--marionette" "--remote-debugging-port" "1560" "--remote-allow-hosts" "localhost" "-no-remote" "-profile" "C:\\Users\\carolyn\\AppData\\Local\\Temp\\rust_mozprofileiibD03"
1653073482887	Marionette	INFO	Marionette enabled
console.warn: SearchSettings: "get: No settings file exists, new profile?" (new NotFoundError("Could not open the file at C:\\Users\\carolyn\\AppData\\Local\\Temp\\rust_mozprofileiibD03\\search.json.mozlz4", (void 0)))
DevTools listening on ws://localhost:1560/devtools/browser/1fb091c6-01c1-4081-bde8-94991f2b3ff1
1653073487099	Marionette	INFO	Listening on port 1587
Read port: 1587
1653073487225	RemoteAgent	WARN	TLS certificate errors will be ignored for this session
1653073491342	Marionette	INFO	Stopped listening on port 1587
JavaScript error: resource://gre/modules/UrlClassifierListManager.jsm, line 691: TypeError: this.tablesData[table] is undefined
console.warn: TopSitesFeed: Failed to fetch data from Contile server: NetworkError when attempting to fetch resource.
JavaScript error: chrome://remote/content/marionette/cert.js, line 55: NS_ERROR_NOT_AVAILABLE: Component returned failure code: 0x80040111 (NS_ERROR_NOT_AVAILABLE) [nsICertOverrideService.setDisableAllSecurityChecksAndLetAttackersInterceptMyData]
[Parent 28676, IPC I/O Parent] WARNING: file /builds/worker/checkouts/gecko/ipc/chromium/src/base/process_util_win.cc:167
JavaScript error: resource://services-settings/Utils.jsm, line 153: TypeError: NetworkError: Network request failed
1653073906150	geckodriver	INFO	Listening on 127.0.0.1:2353
1653073909217	mozrunner::runner	INFO	Running command: "C:\\Program Files\\Mozilla Firefox\\firefox.exe" "--marionette" "--remote-debugging-port" "2354" "--remote-allow-hosts" "localhost" "-no-remote" "-profile" "C:\\Users\\carolyn\\AppData\\Local\\Temp\\rust_mozprofileKVlKtG"
1653073909632	Marionette	INFO	Marionette enabled
console.warn: SearchSettings: "get: No settings file exists, new profile?" (new NotFoundError("Could not open the file at C:\\Users\\carolyn\\AppData\\Local\\Temp\\rust_mozprofileKVlKtG\\search.json.mozlz4", (void 0)))
DevTools listening on ws://localhost:2354/devtools/browser/1c1c4317-38d8-4d58-8aa2-0386d4ca315d
1653073913314	Marionette	INFO	Listening on port 2382
Read port: 2382
1653073913407	RemoteAgent	WARN	TLS certificate errors will be ignored for this session
1653073918308	Marionette	INFO	Stopped listening on port 2382
JavaScript error: resource://services-settings/Utils.jsm, line 153: TypeError: NetworkError: Network request failed
JavaScript error: resource://services-settings/Utils.jsm, line 153: TypeError: NetworkError: Network request failed
1653075955479	geckodriver	INFO	Listening on 127.0.0.1:3096
1653075958535	mozrunner::runner	INFO	Running command: "C:\\Program Files\\Mozilla Firefox\\firefox.exe" "--marionette" "--remote-debugging-port" "3097" "--remote-allow-hosts" "localhost" "-no-remote" "-profile" "C:\\Users\\carolyn\\AppData\\Local\\Temp\\rust_mozprofileNt7qUP"
1653075958903	Marionette	INFO	Marionette enabled
console.warn: SearchSettings: "get: No settings file exists, new profile?" (new NotFoundError("Could not open the file at C:\\Users\\carolyn\\AppData\\Local\\Temp\\rust_mozprofileNt7qUP\\search.json.mozlz4", (void 0)))
DevTools listening on ws://localhost:3097/devtools/browser/30f812d1-b4e7-45d4-b842-1b66aed3620e
1653075962895	Marionette	INFO	Listening on port 3123
Read port: 3123
1653075963148	RemoteAgent	WARN	TLS certificate errors will be ignored for this session
1653075970005	Marionette	INFO	Stopped listening on port 3123
JavaScript error: resource://services-settings/Utils.jsm, line 153: TypeError: NetworkError: Network request failed
1653076081234	geckodriver	INFO	Listening on 127.0.0.1:3199
1653076084328	mozrunner::runner	INFO	Running command: "C:\\Program Files\\Mozilla Firefox\\firefox.exe" "--marionette" "--remote-debugging-port" "3200" "--remote-allow-hosts" "localhost" "-no-remote" "-profile" "C:\\Users\\carolyn\\AppData\\Local\\Temp\\rust_mozprofileEI4euX"
1653076084718	Marionette	INFO	Marionette enabled
console.warn: SearchSettings: "get: No settings file exists, new profile?" (new NotFoundError("Could not open the file at C:\\Users\\carolyn\\AppData\\Local\\Temp\\rust_mozprofileEI4euX\\search.json.mozlz4", (void 0)))
DevTools listening on ws://localhost:3200/devtools/browser/3dec22b1-2dc1-4dc9-a4e1-e93dd26193b0
1653076088624	Marionette	INFO	Listening on port 3224
Read port: 3224
1653076088729	RemoteAgent	WARN	TLS certificate errors will be ignored for this session
1653076094360	Marionette	INFO	Stopped listening on port 3224

###!!! [Child][PContentChild] Error: Send(msgname=PWebSocket::Msg_DeleteSelf) Channel closing: too late to send/recv, messages will be lost


###!!! [Child][PContentChild] Error: RunMessage(msgname=PContent::Msg_NotifyProcessPriorityChanged) Channel closing: too late to send/recv, messages will be lost

1653076108076	geckodriver	INFO	Listening on 127.0.0.1:3278
1653076111146	mozrunner::runner	INFO	Running command: "C:\\Program Files\\Mozilla Firefox\\firefox.exe" "--marionette" "--remote-debugging-port" "3279" "--remote-allow-hosts" "localhost" "-no-remote" "-profile" "C:\\Users\\carolyn\\AppData\\Local\\Temp\\rust_mozprofilet0enV0"
1653076111520	Marionette	INFO	Marionette enabled
console.warn: SearchSettings: "get: No settings file exists, new profile?" (new NotFoundError("Could not open the file at C:\\Users\\carolyn\\AppData\\Local\\Temp\\rust_mozprofilet0enV0\\search.json.mozlz4", (void 0)))
DevTools listening on ws://localhost:3279/devtools/browser/8e523b44-d7a2-4797-8c1e-c888ee1a4986
1653076115158	Marionette	INFO	Listening on port 3304
Read port: 3304
1653076115251	RemoteAgent	WARN	TLS certificate errors will be ignored for this session
1653076147422	Marionette	INFO	Stopped listening on port 3304
JavaScript error: , line 0: NotFoundError: No such JSWindowActor 'DevToolsFrame'
1653076186700	geckodriver	INFO	Listening on 127.0.0.1:3374
1653076189782	mozrunner::runner	INFO	Running command: "C:\\Program Files\\Mozilla Firefox\\firefox.exe" "--marionette" "--remote-debugging-port" "3375" "--remote-allow-hosts" "localhost" "-no-remote" "-profile" "C:\\Users\\carolyn\\AppData\\Local\\Temp\\rust_mozprofile3KCAXp"
1653076190171	Marionette	INFO	Marionette enabled
console.warn: SearchSettings: "get: No settings file exists, new profile?" (new NotFoundError("Could not open the file at C:\\Users\\carolyn\\AppData\\Local\\Temp\\rust_mozprofile3KCAXp\\search.json.mozlz4", (void 0)))
DevTools listening on ws://localhost:3375/devtools/browser/2fe1890d-7dcc-46d4-ba7d-9e3043d6c9d0
1653076193882	Marionette	INFO	Listening on port 3432
Read port: 3432
1653076194111	RemoteAgent	WARN	TLS certificate errors will be ignored for this session
console.warn: LoginRecipes: "getRecipes: falling back to a synchronous message for:" "http://localhost:3000"
1653076226282	Marionette	INFO	Stopped listening on port 3432
1653076246806	geckodriver	INFO	Listening on 127.0.0.1:3501
1653076249871	mozrunner::runner	INFO	Running command: "C:\\Program Files\\Mozilla Firefox\\firefox.exe" "--marionette" "--remote-debugging-port" "3502" "--remote-allow-hosts" "localhost" "-no-remote" "-profile" "C:\\Users\\carolyn\\AppData\\Local\\Temp\\rust_mozprofileYW9u1i"
1653076250270	Marionette	INFO	Marionette enabled
console.warn: SearchSettings: "get: No settings file exists, new profile?" (new NotFoundError("Could not open the file at C:\\Users\\carolyn\\AppData\\Local\\Temp\\rust_mozprofileYW9u1i\\search.json.mozlz4", (void 0)))
DevTools listening on ws://localhost:3502/devtools/browser/b0be91da-1368-41c8-acc2-f3df2faad810
1653076254207	Marionette	INFO	Listening on port 3530
Read port: 3530
1653076254340	RemoteAgent	WARN	TLS certificate errors will be ignored for this session
1653076260153	Marionette	INFO	Stopped listening on port 3530
1653076423369	geckodriver	INFO	Listening on 127.0.0.1:3619
1653076426415	mozrunner::runner	INFO	Running command: "C:\\Program Files\\Mozilla Firefox\\firefox.exe" "--marionette" "--remote-debugging-port" "3620" "--remote-allow-hosts" "localhost" "-no-remote" "-profile" "C:\\Users\\carolyn\\AppData\\Local\\Temp\\rust_mozprofileRZPPfQ"
1653076426784	Marionette	INFO	Marionette enabled
console.warn: SearchSettings: "get: No settings file exists, new profile?" (new NotFoundError("Could not open the file at C:\\Users\\carolyn\\AppData\\Local\\Temp\\rust_mozprofileRZPPfQ\\search.json.mozlz4", (void 0)))
DevTools listening on ws://localhost:3620/devtools/browser/0dd6d7da-06cc-45e7-87d0-6e4abce57e98
1653076431016	Marionette	INFO	Listening on port 3645
Read port: 3645
1653076431152	RemoteAgent	WARN	TLS certificate errors will be ignored for this session
1653076452327	Marionette	INFO	Stopped listening on port 3645
console.warn: TopSitesFeed: Failed to fetch data from Contile server: NetworkError when attempting to fetch resource.
1653076515125	geckodriver	INFO	Listening on 127.0.0.1:3728
1653076518229	mozrunner::runner	INFO	Running command: "C:\\Program Files\\Mozilla Firefox\\firefox.exe" "--marionette" "--remote-debugging-port" "3729" "--remote-allow-hosts" "localhost" "-no-remote" "-profile" "C:\\Users\\carolyn\\AppData\\Local\\Temp\\rust_mozprofileENx0TT"
1653076518627	Marionette	INFO	Marionette enabled
console.warn: SearchSettings: "get: No settings file exists, new profile?" (new NotFoundError("Could not open the file at C:\\Users\\carolyn\\AppData\\Local\\Temp\\rust_mozprofileENx0TT\\search.json.mozlz4", (void 0)))
DevTools listening on ws://localhost:3729/devtools/browser/b656d9b6-d065-4a62-a903-fe3252f4d606
1653076522507	Marionette	INFO	Listening on port 3754
Read port: 3754
1653076522663	RemoteAgent	WARN	TLS certificate errors will be ignored for this session
1653076528357	Marionette	INFO	Stopped listening on port 3754
1653077926509	geckodriver	INFO	Listening on 127.0.0.1:1236
1653077929586	mozrunner::runner	INFO	Running command: "C:\\Program Files\\Mozilla Firefox\\firefox.exe" "--marionette" "--remote-debugging-port" "1237" "--remote-allow-hosts" "localhost" "-no-remote" "-profile" "C:\\Users\\carolyn\\AppData\\Local\\Temp\\rust_mozprofileK5HHmz"
1653077929995	Marionette	INFO	Marionette enabled
console.warn: SearchSettings: "get: No settings file exists, new profile?" (new NotFoundError("Could not open the file at C:\\Users\\carolyn\\AppData\\Local\\Temp\\rust_mozprofileK5HHmz\\search.json.mozlz4", (void 0)))
DevTools listening on ws://localhost:1237/devtools/browser/47e1b400-b32c-44ca-bfd2-712f0ae3f8ca
1653077934059	Marionette	INFO	Listening on port 1261
Read port: 1261
1653077934148	RemoteAgent	WARN	TLS certificate errors will be ignored for this session
1653077974531	Marionette	INFO	Stopped listening on port 1261
console.warn: TopSitesFeed: Failed to fetch data from Contile server: NetworkError when attempting to fetch resource.
1653078040248	geckodriver	INFO	Listening on 127.0.0.1:1346
1653078043355	mozrunner::runner	INFO	Running command: "C:\\Program Files\\Mozilla Firefox\\firefox.exe" "--marionette" "--remote-debugging-port" "1347" "--remote-allow-hosts" "localhost" "-no-remote" "-profile" "C:\\Users\\carolyn\\AppData\\Local\\Temp\\rust_mozprofileC22jtX"
1653078043734	Marionette	INFO	Marionette enabled
console.warn: SearchSettings: "get: No settings file exists, new profile?" (new NotFoundError("Could not open the file at C:\\Users\\carolyn\\AppData\\Local\\Temp\\rust_mozprofileC22jtX\\search.json.mozlz4", (void 0)))
DevTools listening on ws://localhost:1347/devtools/browser/c168d3a8-b5b9-4668-b8ef-4e76a56c123b
1653078047626	Marionette	INFO	Listening on port 1374
Read port: 1374
1653078047810	RemoteAgent	WARN	TLS certificate errors will be ignored for this session
console.warn: LoginRecipes: "getRecipes: falling back to a synchronous message for:" "http://localhost:3000"
JavaScript error: resource://gre/modules/AsyncShutdown.jsm, line 575: NotFoundError: No such JSWindowActor 'DevToolsFrame'
1653078078341	Marionette	INFO	Stopped listening on port 1374
console.warn: TopSitesFeed: Failed to fetch data from Contile server: NetworkError when attempting to fetch resource.
1653078113005	geckodriver	INFO	Listening on 127.0.0.1:1449
1653078116084	mozrunner::runner	INFO	Running command: "C:\\Program Files\\Mozilla Firefox\\firefox.exe" "--marionette" "--remote-debugging-port" "1450" "--remote-allow-hosts" "localhost" "-no-remote" "-profile" "C:\\Users\\carolyn\\AppData\\Local\\Temp\\rust_mozprofileQJ3QuU"
1653078116477	Marionette	INFO	Marionette enabled
console.warn: SearchSettings: "get: No settings file exists, new profile?" (new NotFoundError("Could not open the file at C:\\Users\\carolyn\\AppData\\Local\\Temp\\rust_mozprofileQJ3QuU\\search.json.mozlz4", (void 0)))
DevTools listening on ws://localhost:1450/devtools/browser/4df40dbc-383e-4612-94a0-df6248004182
1653078120399	Marionette	INFO	Listening on port 1477
Read port: 1477
1653078120557	RemoteAgent	WARN	TLS certificate errors will be ignored for this session
console.warn: LoginRecipes: "getRecipes: falling back to a synchronous message for:" "http://localhost:3000"
console.warn: LoginRecipes: "getRecipes: falling back to a synchronous message for:" "http://localhost:3000"
1653078126202	Marionette	INFO	Stopped listening on port 1477
1653078155897	geckodriver	INFO	Listening on 127.0.0.1:1529
1653078158976	mozrunner::runner	INFO	Running command: "C:\\Program Files\\Mozilla Firefox\\firefox.exe" "--marionette" "--remote-debugging-port" "1530" "--remote-allow-hosts" "localhost" "-no-remote" "-profile" "C:\\Users\\carolyn\\AppData\\Local\\Temp\\rust_mozprofileMJGiwq"
1653078159357	Marionette	INFO	Marionette enabled
console.warn: SearchSettings: "get: No settings file exists, new profile?" (new NotFoundError("Could not open the file at C:\\Users\\carolyn\\AppData\\Local\\Temp\\rust_mozprofileMJGiwq\\search.json.mozlz4", (void 0)))
DevTools listening on ws://localhost:1530/devtools/browser/bd113803-0cf6-4b0c-a010-878c7c86fe62
1653078163135	Marionette	INFO	Listening on port 1564
Read port: 1564
1653078163278	RemoteAgent	WARN	TLS certificate errors will be ignored for this session
console.warn: LoginRecipes: "getRecipes: falling back to a synchronous message for:" "http://localhost:3000"
console.warn: LoginRecipes: "getRecipes: falling back to a synchronous message for:" "http://localhost:3000"
1653078175549	Marionette	INFO	Stopped listening on port 1564
1653078614511	geckodriver	INFO	Listening on 127.0.0.1:13146
1653078617591	mozrunner::runner	INFO	Running command: "C:\\Program Files\\Mozilla Firefox\\firefox.exe" "--marionette" "--remote-debugging-port" "13147" "--remote-allow-hosts" "localhost" "-no-remote" "-profile" "C:\\Users\\carolyn\\AppData\\Local\\Temp\\rust_mozprofileWbdIek"
1653078617996	Marionette	INFO	Marionette enabled
console.warn: SearchSettings: "get: No settings file exists, new profile?" (new NotFoundError("Could not open the file at C:\\Users\\carolyn\\AppData\\Local\\Temp\\rust_mozprofileWbdIek\\search.json.mozlz4", (void 0)))
DevTools listening on ws://localhost:13147/devtools/browser/dbb79ba3-ce9a-41e4-ac57-a5ed77e9ebf6
1653078621640	Marionette	INFO	Listening on port 13172
Read port: 13172
1653078621761	RemoteAgent	WARN	TLS certificate errors will be ignored for this session
console.warn: LoginRecipes: "getRecipes: falling back to a synchronous message for:" "http://localhost:3000"
console.warn: LoginRecipes: "getRecipes: falling back to a synchronous message for:" "http://localhost:3000"
1653078634036	Marionette	INFO	Stopped listening on port 13172
1653081159309	geckodriver	INFO	Listening on 127.0.0.1:33859
1653081162367	mozrunner::runner	INFO	Running command: "C:\\Program Files\\Mozilla Firefox\\firefox.exe" "--marionette" "--remote-debugging-port" "33860" "--remote-allow-hosts" "localhost" "-no-remote" "-profile" "C:\\Users\\carolyn\\AppData\\Local\\Temp\\rust_mozprofileRr21QL"
1653081162772	Marionette	INFO	Marionette enabled
console.warn: SearchSettings: "get: No settings file exists, new profile?" (new NotFoundError("Could not open the file at C:\\Users\\carolyn\\AppData\\Local\\Temp\\rust_mozprofileRr21QL\\search.json.mozlz4", (void 0)))
DevTools listening on ws://localhost:33860/devtools/browser/16261044-5465-4dd4-b3dc-af3aa72285ab
1653081166454	Marionette	INFO	Listening on port 33886
Read port: 33886
1653081166555	RemoteAgent	WARN	TLS certificate errors will be ignored for this session
console.warn: LoginRecipes: "getRecipes: falling back to a synchronous message for:" "http://localhost:3000"
console.warn: LoginRecipes: "getRecipes: falling back to a synchronous message for:" "http://localhost:3000"
1653081189591	Marionette	INFO	Stopped listening on port 33886
1653081207095	geckodriver	INFO	Listening on 127.0.0.1:33944
1653081210213	mozrunner::runner	INFO	Running command: "C:\\Program Files\\Mozilla Firefox\\firefox.exe" "--marionette" "--remote-debugging-port" "33945" "--remote-allow-hosts" "localhost" "-no-remote" "-profile" "C:\\Users\\carolyn\\AppData\\Local\\Temp\\rust_mozprofileIpwekE"
1653081210609	Marionette	INFO	Marionette enabled
console.warn: SearchSettings: "get: No settings file exists, new profile?" (new NotFoundError("Could not open the file at C:\\Users\\carolyn\\AppData\\Local\\Temp\\rust_mozprofileIpwekE\\search.json.mozlz4", (void 0)))
DevTools listening on ws://localhost:33945/devtools/browser/7003d0dd-0148-4ed8-8401-4764ecaea44c
1653081214538	Marionette	INFO	Listening on port 33969
Read port: 33969
1653081214671	RemoteAgent	WARN	TLS certificate errors will be ignored for this session
console.warn: LoginRecipes: "getRecipes: falling back to a synchronous message for:" "http://localhost:3000"
console.warn: LoginRecipes: "getRecipes: falling back to a synchronous message for:" "http://localhost:3000"
1653081238359	Marionette	INFO	Stopped listening on port 33969
JavaScript error: resource://gre/modules/Sqlite.jsm, line 1105: Error: Sqlite.jsm has been shutdown. Cannot open connection to: C:\Users\carolyn\AppData\Local\Temp\rust_mozprofileIpwekE\protections.sqlite
1653081289316	geckodriver	INFO	Listening on 127.0.0.1:34040
1653081292398	mozrunner::runner	INFO	Running command: "C:\\Program Files\\Mozilla Firefox\\firefox.exe" "--marionette" "--remote-debugging-port" "34041" "--remote-allow-hosts" "localhost" "-no-remote" "-profile" "C:\\Users\\carolyn\\AppData\\Local\\Temp\\rust_mozprofilegdckRv"
1653081292797	Marionette	INFO	Marionette enabled
console.warn: SearchSettings: "get: No settings file exists, new profile?" (new NotFoundError("Could not open the file at C:\\Users\\carolyn\\AppData\\Local\\Temp\\rust_mozprofilegdckRv\\search.json.mozlz4", (void 0)))
DevTools listening on ws://localhost:34041/devtools/browser/5a7099e7-62ab-4290-862e-d3ca7ddd8291
1653081296424	Marionette	INFO	Listening on port 34065
Read port: 34065
1653081296550	RemoteAgent	WARN	TLS certificate errors will be ignored for this session
console.warn: LoginRecipes: "getRecipes: falling back to a synchronous message for:" "http://localhost:3000"
console.warn: LoginRecipes: "getRecipes: falling back to a synchronous message for:" "http://localhost:3000"
1653081319688	Marionette	INFO	Stopped listening on port 34065
1653081329217	geckodriver	INFO	Listening on 127.0.0.1:34120
1653081332302	mozrunner::runner	INFO	Running command: "C:\\Program Files\\Mozilla Firefox\\firefox.exe" "--marionette" "--remote-debugging-port" "34121" "--remote-allow-hosts" "localhost" "-no-remote" "-profile" "C:\\Users\\carolyn\\AppData\\Local\\Temp\\rust_mozprofileLXWiEs"
1653081332723	Marionette	INFO	Marionette enabled
console.warn: SearchSettings: "get: No settings file exists, new profile?" (new NotFoundError("Could not open the file at C:\\Users\\carolyn\\AppData\\Local\\Temp\\rust_mozprofileLXWiEs\\search.json.mozlz4", (void 0)))
DevTools listening on ws://localhost:34121/devtools/browser/95a52d2e-6334-457b-ade3-934657c6b3de
1653081336270	Marionette	INFO	Listening on port 34147
Read port: 34147
1653081336336	RemoteAgent	WARN	TLS certificate errors will be ignored for this session
console.warn: LoginRecipes: "getRecipes: falling back to a synchronous message for:" "http://localhost:3000"
console.warn: LoginRecipes: "getRecipes: falling back to a synchronous message for:" "http://localhost:3000"
1653081359268	Marionette	INFO	Stopped listening on port 34147

###!!! [Child][PContentChild] Error: Send(msgname=PWebSocket::Msg_DeleteSelf) Channel closing: too late to send/recv, messages will be lost

1653081371202	geckodriver	INFO	Listening on 127.0.0.1:34200
1653081374241	mozrunner::runner	INFO	Running command: "C:\\Program Files\\Mozilla Firefox\\firefox.exe" "--marionette" "--remote-debugging-port" "34201" "--remote-allow-hosts" "localhost" "-no-remote" "-profile" "C:\\Users\\carolyn\\AppData\\Local\\Temp\\rust_mozprofilelaUJqj"
1653081374622	Marionette	INFO	Marionette enabled
console.warn: SearchSettings: "get: No settings file exists, new profile?" (new NotFoundError("Could not open the file at C:\\Users\\carolyn\\AppData\\Local\\Temp\\rust_mozprofilelaUJqj\\search.json.mozlz4", (void 0)))
DevTools listening on ws://localhost:34201/devtools/browser/11e22810-86f5-46f0-b0e5-649e34609b18
1653081378554	Marionette	INFO	Listening on port 34226
Read port: 34226
1653081378651	RemoteAgent	WARN	TLS certificate errors will be ignored for this session
console.warn: LoginRecipes: "getRecipes: falling back to a synchronous message for:" "http://localhost:3000"
console.warn: LoginRecipes: "getRecipes: falling back to a synchronous message for:" "http://localhost:3000"
1653081401885	Marionette	INFO	Stopped listening on port 34226
1653095114677	geckodriver	INFO	Listening on 127.0.0.1:4377
1653095117729	mozrunner::runner	INFO	Running command: "C:\\Program Files\\Mozilla Firefox\\firefox.exe" "--marionette" "--remote-debugging-port" "4378" "--remote-allow-hosts" "localhost" "-no-remote" "-profile" "C:\\Users\\carolyn\\AppData\\Local\\Temp\\rust_mozprofileAV3uXx"
1653095118557	Marionette	INFO	Marionette enabled
console.warn: SearchSettings: "get: No settings file exists, new profile?" (new NotFoundError("Could not open the file at C:\\Users\\carolyn\\AppData\\Local\\Temp\\rust_mozprofileAV3uXx\\search.json.mozlz4", (void 0)))
DevTools listening on ws://localhost:4378/devtools/browser/586dd33b-6420-437d-a03b-d8eb9178945e
1653095125808	Marionette	INFO	Listening on port 26531
Read port: 26531
1653095126359	RemoteAgent	WARN	TLS certificate errors will be ignored for this session
console.warn: LoginRecipes: "getRecipes: falling back to a synchronous message for:" "http://localhost:3000"
console.warn: LoginRecipes: "getRecipes: falling back to a synchronous message for:" "http://localhost:3000"
1653095148711	Marionette	INFO	Stopped listening on port 26531
1653095158534	geckodriver	INFO	Listening on 127.0.0.1:26569
1653095161634	mozrunner::runner	INFO	Running command: "C:\\Program Files\\Mozilla Firefox\\firefox.exe" "--marionette" "--remote-debugging-port" "26570" "--remote-allow-hosts" "localhost" "-no-remote" "-profile" "C:\\Users\\carolyn\\AppData\\Local\\Temp\\rust_mozprofilekvslA8"
1653095162029	Marionette	INFO	Marionette enabled
console.warn: SearchSettings: "get: No settings file exists, new profile?" (new NotFoundError("Could not open the file at C:\\Users\\carolyn\\AppData\\Local\\Temp\\rust_mozprofilekvslA8\\search.json.mozlz4", (void 0)))
DevTools listening on ws://localhost:26570/devtools/browser/1f452c8d-bdf0-4622-9089-cc8f11df4df6
1653095165650	Marionette	INFO	Listening on port 26592
Read port: 26592
1653095165724	RemoteAgent	WARN	TLS certificate errors will be ignored for this session
console.warn: LoginRecipes: "getRecipes: falling back to a synchronous message for:" "http://localhost:3000"
console.warn: LoginRecipes: "getRecipes: falling back to a synchronous message for:" "http://localhost:3000"
1653095189438	Marionette	INFO	Stopped listening on port 26592
1653095269443	geckodriver	INFO	Listening on 127.0.0.1:26643
1653095272513	mozrunner::runner	INFO	Running command: "C:\\Program Files\\Mozilla Firefox\\firefox.exe" "--marionette" "--remote-debugging-port" "26644" "--remote-allow-hosts" "localhost" "-no-remote" "-profile" "C:\\Users\\carolyn\\AppData\\Local\\Temp\\rust_mozprofileMUN1pS"
1653095272855	Marionette	INFO	Marionette enabled
console.warn: SearchSettings: "get: No settings file exists, new profile?" (new NotFoundError("Could not open the file at C:\\Users\\carolyn\\AppData\\Local\\Temp\\rust_mozprofileMUN1pS\\search.json.mozlz4", (void 0)))
DevTools listening on ws://localhost:26644/devtools/browser/622f5fc6-83a2-4057-b51a-8d5e8ae36b05
1653095276885	Marionette	INFO	Listening on port 26666
Read port: 26666
1653095277044	RemoteAgent	WARN	TLS certificate errors will be ignored for this session
console.warn: LoginRecipes: "getRecipes: falling back to a synchronous message for:" "http://localhost:3000"
console.warn: LoginRecipes: "getRecipes: falling back to a synchronous message for:" "http://localhost:3000"
1653095299841	Marionette	INFO	Stopped listening on port 26666
1653095370612	geckodriver	INFO	Listening on 127.0.0.1:26723
1653095373704	mozrunner::runner	INFO	Running command: "C:\\Program Files\\Mozilla Firefox\\firefox.exe" "--marionette" "--remote-debugging-port" "26724" "--remote-allow-hosts" "localhost" "-no-remote" "-profile" "C:\\Users\\carolyn\\AppData\\Local\\Temp\\rust_mozprofileALzJgX"
1653095374053	Marionette	INFO	Marionette enabled
console.warn: SearchSettings: "get: No settings file exists, new profile?" (new NotFoundError("Could not open the file at C:\\Users\\carolyn\\AppData\\Local\\Temp\\rust_mozprofileALzJgX\\search.json.mozlz4", (void 0)))
DevTools listening on ws://localhost:26724/devtools/browser/9e53a702-e92d-4815-9540-6b44c766ff63
1653095377380	Marionette	INFO	Listening on port 26748
Read port: 26748
1653095377544	RemoteAgent	WARN	TLS certificate errors will be ignored for this session
console.warn: LoginRecipes: "getRecipes: falling back to a synchronous message for:" "http://localhost:3000"
console.warn: LoginRecipes: "getRecipes: falling back to a synchronous message for:" "http://localhost:3000"
1653095400900	Marionette	INFO	Stopped listening on port 26748
1653095513966	geckodriver	INFO	Listening on 127.0.0.1:26805
1653095517043	mozrunner::runner	INFO	Running command: "C:\\Program Files\\Mozilla Firefox\\firefox.exe" "--marionette" "--remote-debugging-port" "26806" "--remote-allow-hosts" "localhost" "-no-remote" "-profile" "C:\\Users\\carolyn\\AppData\\Local\\Temp\\rust_mozprofilehvkzq2"
1653095517396	Marionette	INFO	Marionette enabled
console.warn: SearchSettings: "get: No settings file exists, new profile?" (new NotFoundError("Could not open the file at C:\\Users\\carolyn\\AppData\\Local\\Temp\\rust_mozprofilehvkzq2\\search.json.mozlz4", (void 0)))
DevTools listening on ws://localhost:26806/devtools/browser/827a958f-3f80-41ca-a7dc-1243021fcc1d
1653095520672	Marionette	INFO	Listening on port 26829
Read port: 26829
1653095520788	RemoteAgent	WARN	TLS certificate errors will be ignored for this session
console.warn: LoginRecipes: "getRecipes: falling back to a synchronous message for:" "http://localhost:3000"
console.warn: LoginRecipes: "getRecipes: falling back to a synchronous message for:" "http://localhost:3000"
1653095544451	Marionette	INFO	Stopped listening on port 26829
JavaScript error: resource://gre/modules/AsyncShutdown.jsm, line 718: Error: Phase "Sqlite.jsm: wait until all connections are closed" is finished, it is too late to register completion condition "protections.sqlite#0: waiting for shutdown"
1653095851554	geckodriver	INFO	Listening on 127.0.0.1:26920
1653095854613	mozrunner::runner	INFO	Running command: "C:\\Program Files\\Mozilla Firefox\\firefox.exe" "--marionette" "--remote-debugging-port" "26921" "--remote-allow-hosts" "localhost" "-no-remote" "-profile" "C:\\Users\\carolyn\\AppData\\Local\\Temp\\rust_mozprofileHRS4ay"
1653095854963	Marionette	INFO	Marionette enabled
console.warn: SearchSettings: "get: No settings file exists, new profile?" (new NotFoundError("Could not open the file at C:\\Users\\carolyn\\AppData\\Local\\Temp\\rust_mozprofileHRS4ay\\search.json.mozlz4", (void 0)))
DevTools listening on ws://localhost:26921/devtools/browser/d4bab686-2794-4891-b0f9-b37681fd33c7
1653095858591	Marionette	INFO	Listening on port 26944
Read port: 26944
1653095858730	RemoteAgent	WARN	TLS certificate errors will be ignored for this session
console.warn: LoginRecipes: "getRecipes: falling back to a synchronous message for:" "http://localhost:3000"
console.warn: LoginRecipes: "getRecipes: falling back to a synchronous message for:" "http://localhost:3000"
1653095882443	Marionette	INFO	Stopped listening on port 26944
1653103596425	geckodriver	INFO	Listening on 127.0.0.1:22210
1653103599490	mozrunner::runner	INFO	Running command: "C:\\Program Files\\Mozilla Firefox\\firefox.exe" "--marionette" "--remote-debugging-port" "22211" "--remote-allow-hosts" "localhost" "-no-remote" "-profile" "C:\\Users\\carolyn\\AppData\\Local\\Temp\\rust_mozprofilejOOYrE"
1653103599877	Marionette	INFO	Marionette enabled
console.warn: SearchSettings: "get: No settings file exists, new profile?" (new NotFoundError("Could not open the file at C:\\Users\\carolyn\\AppData\\Local\\Temp\\rust_mozprofilejOOYrE\\search.json.mozlz4", (void 0)))
DevTools listening on ws://localhost:22211/devtools/browser/8a1f2534-26b0-4acc-a5bc-619c6a01eb27
1653103603812	Marionette	INFO	Listening on port 22235
Read port: 22235
1653103603903	RemoteAgent	WARN	TLS certificate errors will be ignored for this session
1653103622443	Marionette	INFO	Stopped listening on port 22235
console.warn: TopSitesFeed: Failed to fetch data from Contile server: NetworkError when attempting to fetch resource.
1653106775669	geckodriver	INFO	Listening on 127.0.0.1:13876
1653106778722	mozrunner::runner	INFO	Running command: "C:\\Program Files\\Mozilla Firefox\\firefox.exe" "--marionette" "--remote-debugging-port" "13877" "--remote-allow-hosts" "localhost" "-no-remote" "-profile" "C:\\Users\\carolyn\\AppData\\Local\\Temp\\rust_mozprofileJXvqyY"
1653106779076	Marionette	INFO	Marionette enabled
console.warn: SearchSettings: "get: No settings file exists, new profile?" (new NotFoundError("Could not open the file at C:\\Users\\carolyn\\AppData\\Local\\Temp\\rust_mozprofileJXvqyY\\search.json.mozlz4", (void 0)))
DevTools listening on ws://localhost:13877/devtools/browser/72c55593-61f8-4d5e-b6ed-801de9874e6e
1653106782834	Marionette	INFO	Listening on port 13902
Read port: 13902
1653106782951	RemoteAgent	WARN	TLS certificate errors will be ignored for this session
1653106795565	Marionette	INFO	Stopped listening on port 13902
1653108098800	geckodriver	INFO	Listening on 127.0.0.1:26095
1653108101870	mozrunner::runner	INFO	Running command: "C:\\Program Files\\Mozilla Firefox\\firefox.exe" "--marionette" "--remote-debugging-port" "26096" "--remote-allow-hosts" "localhost" "-no-remote" "-profile" "C:\\Users\\carolyn\\AppData\\Local\\Temp\\rust_mozprofile62r8TU"
1653108102251	Marionette	INFO	Marionette enabled
console.warn: SearchSettings: "get: No settings file exists, new profile?" (new NotFoundError("Could not open the file at C:\\Users\\carolyn\\AppData\\Local\\Temp\\rust_mozprofile62r8TU\\search.json.mozlz4", (void 0)))
DevTools listening on ws://localhost:26096/devtools/browser/2402a9bf-7b2c-421f-85b9-351aa2aee25a
1653108106514	Marionette	INFO	Listening on port 26119
Read port: 26119
1653108106576	RemoteAgent	WARN	TLS certificate errors will be ignored for this session
1653108118430	Marionette	INFO	Stopped listening on port 26119
1653108730846	geckodriver	INFO	Listening on 127.0.0.1:6803
1653108733914	mozrunner::runner	INFO	Running command: "C:\\Program Files\\Mozilla Firefox\\firefox.exe" "--marionette" "--remote-debugging-port" "6804" "--remote-allow-hosts" "localhost" "-no-remote" "-profile" "C:\\Users\\carolyn\\AppData\\Local\\Temp\\rust_mozprofileAaRpWD"
1653108734285	Marionette	INFO	Marionette enabled
console.warn: SearchSettings: "get: No settings file exists, new profile?" (new NotFoundError("Could not open the file at C:\\Users\\carolyn\\AppData\\Local\\Temp\\rust_mozprofileAaRpWD\\search.json.mozlz4", (void 0)))
DevTools listening on ws://localhost:6804/devtools/browser/50479de8-f137-4bb2-95df-39611f761378
1653108738338	Marionette	INFO	Listening on port 6827
Read port: 6827
1653108738425	RemoteAgent	WARN	TLS certificate errors will be ignored for this session
1653108749879	Marionette	INFO	Stopped listening on port 6827
1653108849910	geckodriver	INFO	Listening on 127.0.0.1:6919
1653108853009	mozrunner::runner	INFO	Running command: "C:\\Program Files\\Mozilla Firefox\\firefox.exe" "--marionette" "--remote-debugging-port" "6920" "--remote-allow-hosts" "localhost" "-no-remote" "-profile" "C:\\Users\\carolyn\\AppData\\Local\\Temp\\rust_mozprofileD91sNh"
1653108853381	Marionette	INFO	Marionette enabled
console.warn: SearchSettings: "get: No settings file exists, new profile?" (new NotFoundError("Could not open the file at C:\\Users\\carolyn\\AppData\\Local\\Temp\\rust_mozprofileD91sNh\\search.json.mozlz4", (void 0)))
DevTools listening on ws://localhost:6920/devtools/browser/f9d148af-5014-4c66-a557-9abef4aafff3
1653108856753	Marionette	INFO	Listening on port 6943
Read port: 6943
1653108856884	RemoteAgent	WARN	TLS certificate errors will be ignored for this session
1653108868765	Marionette	INFO	Stopped listening on port 6943
1653108965272	geckodriver	INFO	Listening on 127.0.0.1:7018
1653108968344	mozrunner::runner	INFO	Running command: "C:\\Program Files\\Mozilla Firefox\\firefox.exe" "--marionette" "--remote-debugging-port" "7019" "--remote-allow-hosts" "localhost" "-no-remote" "-profile" "C:\\Users\\carolyn\\AppData\\Local\\Temp\\rust_mozprofilepeUNcM"
1653108968717	Marionette	INFO	Marionette enabled
console.warn: SearchSettings: "get: No settings file exists, new profile?" (new NotFoundError("Could not open the file at C:\\Users\\carolyn\\AppData\\Local\\Temp\\rust_mozprofilepeUNcM\\search.json.mozlz4", (void 0)))
DevTools listening on ws://localhost:7019/devtools/browser/45877e3b-16ad-45f4-afec-3cf48575e4e2
1653108972282	Marionette	INFO	Listening on port 7041
Read port: 7041
1653108972345	RemoteAgent	WARN	TLS certificate errors will be ignored for this session
1653108985198	Marionette	INFO	Stopped listening on port 7041
1653109043659	geckodriver	INFO	Listening on 127.0.0.1:33723
1653109046755	mozrunner::runner	INFO	Running command: "C:\\Program Files\\Mozilla Firefox\\firefox.exe" "--marionette" "--remote-debugging-port" "33724" "--remote-allow-hosts" "localhost" "-no-remote" "-profile" "C:\\Users\\carolyn\\AppData\\Local\\Temp\\rust_mozprofileKHVVIP"
1653109047101	Marionette	INFO	Marionette enabled
console.warn: SearchSettings: "get: No settings file exists, new profile?" (new NotFoundError("Could not open the file at C:\\Users\\carolyn\\AppData\\Local\\Temp\\rust_mozprofileKHVVIP\\search.json.mozlz4", (void 0)))
DevTools listening on ws://localhost:33724/devtools/browser/0d631a56-fe91-4593-b3ba-33f14a5cc37a
1653109050767	Marionette	INFO	Listening on port 33749
Read port: 33749
1653109050877	RemoteAgent	WARN	TLS certificate errors will be ignored for this session
console.warn: LoginRecipes: "getRecipes: falling back to a synchronous message for:" "http://localhost:3000"
1653109073743	Marionette	INFO	Stopped listening on port 33749
1653109090787	geckodriver	INFO	Listening on 127.0.0.1:33802
1653109093868	mozrunner::runner	INFO	Running command: "C:\\Program Files\\Mozilla Firefox\\firefox.exe" "--marionette" "--remote-debugging-port" "33803" "--remote-allow-hosts" "localhost" "-no-remote" "-profile" "C:\\Users\\carolyn\\AppData\\Local\\Temp\\rust_mozprofileInJa2m"
1653109094241	Marionette	INFO	Marionette enabled
console.warn: SearchSettings: "get: No settings file exists, new profile?" (new NotFoundError("Could not open the file at C:\\Users\\carolyn\\AppData\\Local\\Temp\\rust_mozprofileInJa2m\\search.json.mozlz4", (void 0)))
DevTools listening on ws://localhost:33803/devtools/browser/e21d9787-2dd6-41c7-a054-4a6b911cdd97
1653109097888	Marionette	INFO	Listening on port 33828
Read port: 33828
1653109097982	RemoteAgent	WARN	TLS certificate errors will be ignored for this session
console.warn: LoginRecipes: "getRecipes: falling back to a synchronous message for:" "http://localhost:3000"
1653109121584	Marionette	INFO	Stopped listening on port 33828
1653109134254	geckodriver	INFO	Listening on 127.0.0.1:33878
1653109137352	mozrunner::runner	INFO	Running command: "C:\\Program Files\\Mozilla Firefox\\firefox.exe" "--marionette" "--remote-debugging-port" "33879" "--remote-allow-hosts" "localhost" "-no-remote" "-profile" "C:\\Users\\carolyn\\AppData\\Local\\Temp\\rust_mozprofilepcD7eu"
1653109137740	Marionette	INFO	Marionette enabled
console.warn: SearchSettings: "get: No settings file exists, new profile?" (new NotFoundError("Could not open the file at C:\\Users\\carolyn\\AppData\\Local\\Temp\\rust_mozprofilepcD7eu\\search.json.mozlz4", (void 0)))
DevTools listening on ws://localhost:33879/devtools/browser/5d13bc83-14f2-4666-8d34-74eb8e1219d4
1653109141145	Marionette	INFO	Listening on port 33905
Read port: 33905
1653109141221	RemoteAgent	WARN	TLS certificate errors will be ignored for this session
console.warn: LoginRecipes: "getRecipes: falling back to a synchronous message for:" "http://localhost:3000"
1653109164033	Marionette	INFO	Stopped listening on port 33905
1653109172147	geckodriver	INFO	Listening on 127.0.0.1:33951
1653109175258	mozrunner::runner	INFO	Running command: "C:\\Program Files\\Mozilla Firefox\\firefox.exe" "--marionette" "--remote-debugging-port" "33952" "--remote-allow-hosts" "localhost" "-no-remote" "-profile" "C:\\Users\\carolyn\\AppData\\Local\\Temp\\rust_mozprofileOUWrIx"
1653109175620	Marionette	INFO	Marionette enabled
console.warn: SearchSettings: "get: No settings file exists, new profile?" (new NotFoundError("Could not open the file at C:\\Users\\carolyn\\AppData\\Local\\Temp\\rust_mozprofileOUWrIx\\search.json.mozlz4", (void 0)))
DevTools listening on ws://localhost:33952/devtools/browser/4ac33d61-de69-43b0-811a-e618fdfa8943
1653109179376	Marionette	INFO	Listening on port 33976
Read port: 33976
1653109179455	RemoteAgent	WARN	TLS certificate errors will be ignored for this session
console.warn: LoginRecipes: "getRecipes: falling back to a synchronous message for:" "http://localhost:3000"
1653109202307	Marionette	INFO	Stopped listening on port 33976
1653109240347	geckodriver	INFO	Listening on 127.0.0.1:34032
1653109243431	mozrunner::runner	INFO	Running command: "C:\\Program Files\\Mozilla Firefox\\firefox.exe" "--marionette" "--remote-debugging-port" "34033" "--remote-allow-hosts" "localhost" "-no-remote" "-profile" "C:\\Users\\carolyn\\AppData\\Local\\Temp\\rust_mozprofilepHyxe1"
1653109243811	Marionette	INFO	Marionette enabled
console.warn: SearchSettings: "get: No settings file exists, new profile?" (new NotFoundError("Could not open the file at C:\\Users\\carolyn\\AppData\\Local\\Temp\\rust_mozprofilepHyxe1\\search.json.mozlz4", (void 0)))
DevTools listening on ws://localhost:34033/devtools/browser/66860549-2d42-4063-86aa-bf92d97c3b11
1653109247455	Marionette	INFO	Listening on port 34055
Read port: 34055
1653109247519	RemoteAgent	WARN	TLS certificate errors will be ignored for this session
console.warn: LoginRecipes: "getRecipes: falling back to a synchronous message for:" "http://localhost:3000"
console.warn: LoginRecipes: "getRecipes: falling back to a synchronous message for:" "http://localhost:3000"
1653109270677	Marionette	INFO	Stopped listening on port 34055
!!! error running onStopped callback: TypeError: callback is not a function

###!!! [Child][PContentChild] Error: RunMessage(msgname=PWebSocket::Msg___delete__) Channel closing: too late to send/recv, messages will be lost

[Parent 19112, IPC I/O Parent] WARNING: file /builds/worker/checkouts/gecko/ipc/chromium/src/base/process_util_win.cc:167
1653109284749	geckodriver	INFO	Listening on 127.0.0.1:34104
1653109287826	mozrunner::runner	INFO	Running command: "C:\\Program Files\\Mozilla Firefox\\firefox.exe" "--marionette" "--remote-debugging-port" "34105" "--remote-allow-hosts" "localhost" "-no-remote" "-profile" "C:\\Users\\carolyn\\AppData\\Local\\Temp\\rust_mozprofile2cHMOL"
1653109288191	Marionette	INFO	Marionette enabled
console.warn: SearchSettings: "get: No settings file exists, new profile?" (new NotFoundError("Could not open the file at C:\\Users\\carolyn\\AppData\\Local\\Temp\\rust_mozprofile2cHMOL\\search.json.mozlz4", (void 0)))
DevTools listening on ws://localhost:34105/devtools/browser/390fefea-14b2-4828-b9fa-c4f714e65bff
1653109291920	Marionette	INFO	Listening on port 34129
Read port: 34129
1653109292076	RemoteAgent	WARN	TLS certificate errors will be ignored for this session
console.warn: LoginRecipes: "getRecipes: falling back to a synchronous message for:" "http://localhost:3000"
console.warn: LoginRecipes: "getRecipes: falling back to a synchronous message for:" "http://localhost:3000"
1653109319939	Marionette	INFO	Stopped listening on port 34129
